build/app/outputs/mapping/release/mapping.txt
# compiler: R8
# compiler_version: 3.2.47
# min_api: 16
# common_typos_disable
# {"id":"com.android.tools.r8.mapping","version":"2.0"}
# pg_map_id: dee648e
# pg_map_hash: SHA-256 dee648e2af89bb9a4882b972c81a0ff27a2001cfc9669b1b25cd0ba58789f2a5
...
kotlinx.coroutines.scheduling.CoroutineScheduler -> kotlinx.coroutines.scheduling.a:
    java.lang.String schedulerName -> g
    java.util.concurrent.atomic.AtomicReferenceArray workers -> j
    kotlinx.coroutines.scheduling.GlobalQueue globalBlockingQueue -> i
    kotlinx.coroutines.internal.Symbol NOT_IN_STACK -> o
    long idleWorkerKeepAliveNs -> f
    int corePoolSize -> d
    int maxPoolSize -> e
    kotlinx.coroutines.scheduling.GlobalQueue globalCpuQueue -> h
    java.util.concurrent.atomic.AtomicLongFieldUpdater controlState$FU -> m
    java.util.concurrent.atomic.AtomicIntegerFieldUpdater _isTerminated$FU -> n
    kotlinx.coroutines.scheduling.CoroutineScheduler$Companion Companion -> k
    java.util.concurrent.atomic.AtomicLongFieldUpdater parkedWorkersStack$FU -> l
    boolean addToGlobalQueue(kotlinx.coroutines.scheduling.Task) -> a
    int createNewWorker() -> b
    kotlinx.coroutines.scheduling.Task createTask(java.lang.Runnable,kotlinx.coroutines.scheduling.TaskContext) -> c
    kotlinx.coroutines.scheduling.CoroutineScheduler$Worker currentWorker() -> d
    void dispatch(java.lang.Runnable,kotlinx.coroutines.scheduling.TaskContext,boolean) -> e
    void dispatch$default(kotlinx.coroutines.scheduling.CoroutineScheduler,java.lang.Runnable,kotlinx.coroutines.scheduling.TaskContext,boolean,int,java.lang.Object) -> f
    boolean isTerminated() -> g
    int parkedWorkersStackNextIndex(kotlinx.coroutines.scheduling.CoroutineScheduler$Worker) -> h
kotlinx.coroutines.scheduling.CoroutineScheduler$Companion -> kotlinx.coroutines.scheduling.a$a:
kotlinx.coroutines.scheduling.CoroutineScheduler$WhenMappings -> kotlinx.coroutines.scheduling.a$b:
    int[] $EnumSwitchMapping$0 -> a
kotlinx.coroutines.scheduling.CoroutineScheduler$Worker -> kotlinx.coroutines.scheduling.a$c:
    kotlinx.coroutines.scheduling.WorkQueue localQueue -> d
    kotlinx.coroutines.scheduling.CoroutineScheduler$WorkerState state -> e
    long terminationDeadline -> f
    boolean mayHaveLocalTasks -> i
    int rngState -> h
    kotlinx.coroutines.scheduling.CoroutineScheduler this$0 -> j
    long minDelayUntilStealableTaskNs -> g
    java.util.concurrent.atomic.AtomicIntegerFieldUpdater workerCtl$FU -> k
    void afterTask(int) -> a
    void beforeTask(int) -> b
    void executeTask(kotlinx.coroutines.scheduling.Task) -> c
    kotlinx.coroutines.scheduling.Task findAnyTask(boolean) -> d
    kotlinx.coroutines.scheduling.Task findTask(boolean) -> e
    int getIndexInArray() -> f
    java.lang.Object getNextParkedWorker() -> g
    void idleReset(int) -> h
    boolean inStack() -> i
    int nextInt(int) -> j
    void park() -> k
    kotlinx.coroutines.scheduling.Task pollGlobalQueues() -> l
    void runWorker() -> m
    void setIndexInArray(int) -> n
    void setNextParkedWorker(java.lang.Object) -> o
    boolean tryAcquireCpuPermit() -> p
    void tryPark() -> q
    boolean tryReleaseCpu(kotlinx.coroutines.scheduling.CoroutineScheduler$WorkerState) -> r
    kotlinx.coroutines.scheduling.Task trySteal(boolean) -> s
    void tryTerminateWorker() -> t
kotlinx.coroutines.scheduling.CoroutineScheduler$WorkerState -> kotlinx.coroutines.scheduling.a$d:
    kotlinx.coroutines.scheduling.CoroutineScheduler$WorkerState CPU_ACQUIRED -> d
    kotlinx.coroutines.scheduling.CoroutineScheduler$WorkerState BLOCKING -> e
    kotlinx.coroutines.scheduling.CoroutineScheduler$WorkerState PARKING -> f
    kotlinx.coroutines.scheduling.CoroutineScheduler$WorkerState DORMANT -> g
    kotlinx.coroutines.scheduling.CoroutineScheduler$WorkerState TERMINATED -> h
    kotlinx.coroutines.scheduling.CoroutineScheduler$WorkerState[] $VALUES -> i
    kotlinx.coroutines.scheduling.CoroutineScheduler$WorkerState[] $values() -> a
kotlinx.coroutines.scheduling.DefaultScheduler -> kotlinx.coroutines.scheduling.b:
    kotlinx.coroutines.scheduling.DefaultScheduler INSTANCE -> k
    kotlinx.coroutines.CoroutineDispatcher IO -> l
    kotlinx.coroutines.CoroutineDispatcher getIO() -> r