build/app/outputs/mapping/release/usage.txt
com.example.tic_tac_toe.BuildConfig
com.example.tic_tac_toe.R$attr
com.example.tic_tac_toe.R$color
com.example.tic_tac_toe.R$dimen
com.example.tic_tac_toe.R$drawable
com.example.tic_tac_toe.R$id
com.example.tic_tac_toe.R$integer
com.example.tic_tac_toe.R$layout
com.example.tic_tac_toe.R$mipmap
com.example.tic_tac_toe.R$string
com.example.tic_tac_toe.R$style
com.example.tic_tac_toe.R$styleable
com.example.tic_tac_toe.R
...
kotlin.jvm.internal.LongCompanionObject
kotlin.jvm.internal.LongSpreadBuilder
kotlin.jvm.internal.MagicApiIntrinsics
kotlin.jvm.internal.MutableLocalVariableReference
kotlin.jvm.internal.MutablePropertyReference0
kotlin.jvm.internal.MutablePropertyReference0Impl
kotlin.jvm.internal.MutablePropertyReference1
kotlin.jvm.internal.MutablePropertyReference1Impl
kotlin.jvm.internal.MutablePropertyReference2
kotlin.jvm.internal.MutablePropertyReference2Impl
kotlin.jvm.internal.MutablePropertyReference
kotlin.jvm.internal.PackageReference:
    public java.util.Collection getMembers()
kotlin.jvm.internal.PrimitiveSpreadBuilder
kotlin.jvm.internal.PropertyReference0
kotlin.jvm.internal.PropertyReference0Impl
kotlin.jvm.internal.PropertyReference1
kotlin.jvm.internal.PropertyReference1Impl
kotlin.jvm.internal.PropertyReference2
kotlin.jvm.internal.PropertyReference2Impl
kotlin.jvm.internal.PropertyReference
kotlin.jvm.internal.Ref$BooleanRef
kotlin.jvm.internal.Ref$ByteRef
kotlin.jvm.internal.Ref$CharRef
kotlin.jvm.internal.Ref$DoubleRef
kotlin.jvm.internal.Ref$FloatRef
kotlin.jvm.internal.Ref$IntRef
kotlin.jvm.internal.Ref$LongRef
kotlin.jvm.internal.Ref$ObjectRef
kotlin.jvm.internal.Ref$ShortRef
kotlin.jvm.internal.Ref
kotlin.jvm.internal.Reflection:
    static final java.lang.String REFLECTION_NOT_AVAILABLE
    public void <init>()
    public static kotlin.reflect.KClass createKotlinClass(java.lang.Class)
    public static kotlin.reflect.KClass createKotlinClass(java.lang.Class,java.lang.String)
    public static kotlin.reflect.KClass getOrCreateKotlinClass(java.lang.Class,java.lang.String)
    public static kotlin.reflect.KClass[] getOrCreateKotlinClasses(java.lang.Class[])
    public static kotlin.reflect.KDeclarationContainer getOrCreateKotlinPackage(java.lang.Class,java.lang.String)
    public static kotlin.reflect.KType mutableCollectionType(kotlin.reflect.KType)
    public static kotlin.reflect.KMutableProperty0 mutableProperty0(kotlin.jvm.internal.MutablePropertyReference0)
    public static kotlin.reflect.KMutableProperty1 mutableProperty1(kotlin.jvm.internal.MutablePropertyReference1)
    public static kotlin.reflect.KMutableProperty2 mutableProperty2(kotlin.jvm.internal.MutablePropertyReference2)
    public static kotlin.reflect.KType nothingType(kotlin.reflect.KType)
    public static kotlin.reflect.KType nullableTypeOf(java.lang.Class)
    public static kotlin.reflect.KType nullableTypeOf(java.lang.Class,kotlin.reflect.KTypeProjection)
    public static kotlin.reflect.KType nullableTypeOf(java.lang.Class,kotlin.reflect.KTypeProjection,kotlin.reflect.KTypeProjection)
    public static varargs kotlin.reflect.KType nullableTypeOf(java.lang.Class,kotlin.reflect.KTypeProjection[])